[debug] [2023-03-17T16:44:22.564Z] ----------------------------------------------------------------------
[debug] [2023-03-17T16:44:22.568Z] Command:       /home/abdulbasith/.nvm/versions/node/v19.3.0/bin/node /home/abdulbasith/.nvm/versions/node/v19.3.0/bin/firebase init
[debug] [2023-03-17T16:44:22.569Z] CLI Version:   11.24.1
[debug] [2023-03-17T16:44:22.569Z] Platform:      linux
[debug] [2023-03-17T16:44:22.569Z] Node Version:  v19.3.0
[debug] [2023-03-17T16:44:22.569Z] Time:          Fri Mar 17 2023 22:14:22 GMT+0530 (India Standard Time)
[debug] [2023-03-17T16:44:22.570Z] ----------------------------------------------------------------------
[debug] 
[debug] [2023-03-17T16:44:22.585Z] > command requires scopes: ["email","openid","https://www.googleapis.com/auth/cloudplatformprojects.readonly","https://www.googleapis.com/auth/firebase","https://www.googleapis.com/auth/cloud-platform"]
[debug] [2023-03-17T16:44:22.585Z] > authorizing via signed-in user (mohdabdulbasith17@gmail.com)
[info] 
     ######## #### ########  ######## ########     ###     ######  ########
     ##        ##  ##     ## ##       ##     ##  ##   ##  ##       ##
     ######    ##  ########  ######   ########  #########  ######  ######
     ##        ##  ##    ##  ##       ##     ## ##     ##       ## ##
     ##       #### ##     ## ######## ########  ##     ##  ######  ########

You're about to initialize a Firebase project in this directory:

  /media/abdulbasith/Bottomless Pit1/code/development/React/firebase/firebases

Before we get started, keep in mind:

  * You are currently outside your home directory

[info] 
=== Project Setup
[info] 
[info] First, let's associate this project directory with a Firebase project.
[info] You can create multiple project aliases by running firebase use --add, 
[info] but for now we'll just set up a default project.
[info] 
[debug] [2023-03-17T16:49:13.701Z] >>> [apiv2][query] GET https://firebase.googleapis.com/v1beta1/projects pageSize=100
[debug] [2023-03-17T16:49:14.857Z] <<< [apiv2][status] GET https://firebase.googleapis.com/v1beta1/projects 200
[debug] [2023-03-17T16:49:14.858Z] <<< [apiv2][body] GET https://firebase.googleapis.com/v1beta1/projects [omitted]
[info] i  Using project fir-data-1049d (fireBaseData) 
[info] 
=== Hosting Setup
[info] 
[info] Your public directory is the folder (relative to your project directory) that
[info] will contain Hosting assets to be uploaded with firebase deploy. If you
[info] have a build process for your assets, use your build's output directory.
[info] 
[info] ✔  Wrote public/404.html 
[debug] [2023-03-17T16:49:31.467Z] >>> [apiv2][query] GET https://www.gstatic.com/firebasejs/releases.json [none]
[debug] [2023-03-17T16:49:31.743Z] <<< [apiv2][status] GET https://www.gstatic.com/firebasejs/releases.json 200
[debug] [2023-03-17T16:49:31.743Z] <<< [apiv2][body] GET https://www.gstatic.com/firebasejs/releases.json {"current":{"version":"9.18.0","browserURL":"https://www.gstatic.com/firebasejs/9.18.0/firebase.js","packageURL":"https://www.gstatic.com/firebasejs/9.18.0/firebase.tgz"},"live":{"version":"9.18","browserURL":"https://www.gstatic.com/firebasejs/live/9.18/firebase.js","packageURL":"https://www.gstatic.com/firebasejs/live/9.18/firebase.tgz"},"components":{"analytics":"https://www.gstatic.com/firebasejs/9.18.0/firebase-analytics.js","app":"https://www.gstatic.com/firebasejs/9.18.0/firebase-app.js","app-check":"https://www.gstatic.com/firebasejs/9.18.0/firebase-app-check.js","auth":"https://www.gstatic.com/firebasejs/9.18.0/firebase-auth.js","auth/cordova":"https://www.gstatic.com/firebasejs/9.18.0/firebase-auth/cordova.js","auth/react-native":"https://www.gstatic.com/firebasejs/9.18.0/firebase-auth/react-native.js","functions":"https://www.gstatic.com/firebasejs/9.18.0/firebase-functions.js","firestore":"https://www.gstatic.com/firebasejs/9.18.0/firebase-firestore.js","firestore/lite":"https://www.gstatic.com/firebasejs/9.18.0/firebase-firestore/lite.js","installations":"https://www.gstatic.com/firebasejs/9.18.0/firebase-installations.js","storage":"https://www.gstatic.com/firebasejs/9.18.0/firebase-storage.js","performance":"https://www.gstatic.com/firebasejs/9.18.0/firebase-performance.js","remote-config":"https://www.gstatic.com/firebasejs/9.18.0/firebase-remote-config.js","messaging":"https://www.gstatic.com/firebasejs/9.18.0/firebase-messaging.js","messaging/sw":"https://www.gstatic.com/firebasejs/9.18.0/firebase-messaging/sw.js","database":"https://www.gstatic.com/firebasejs/9.18.0/firebase-database.js","firestore.memory":"https://www.gstatic.com/firebasejs/9.18.0/firebase-firestore.memory.js"}}
[info] i  Skipping write of public/index.html 
[info] 
[info] i  Detected a .git folder at /media/abdulbasith/Bottomless Pit1/code/development/React/firebase/firebases 
[info] i  Authorizing with GitHub to upload your service account to a GitHub repository's secrets store. 
[info] 
[info] Visit this URL on this device to log in:
[info] https://github.com/login/oauth/authorize?client_id=89cf50f02ac6aaed3484&state=856547016&redirect_uri=http%3A%2F%2Flocalhost%3A9005&scope=read%3Auser%20repo%20public_repo
[info] 
[info] Waiting for authentication...
[debug] [2023-03-17T16:51:53.811Z] >>> [apiv2][query] POST https://github.com/login/oauth/access_token [none]
[debug] [2023-03-17T16:51:53.811Z] >>> [apiv2][body] POST https://github.com/login/oauth/access_token [stream]
[debug] [2023-03-17T16:51:54.276Z] <<< [apiv2][status] POST https://github.com/login/oauth/access_token 200
[debug] [2023-03-17T16:51:54.276Z] <<< [apiv2][body] POST https://github.com/login/oauth/access_token {"access_token":"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","token_type":"bearer","scope":"read:user,repo"}
[debug] [2023-03-17T16:51:54.296Z] >>> [apiv2][query] GET https://api.github.com/user [none]
[debug] [2023-03-17T16:51:54.748Z] <<< [apiv2][status] GET https://api.github.com/user 200
[debug] [2023-03-17T16:51:54.748Z] <<< [apiv2][body] GET https://api.github.com/user {"login":"Abdul-Basith-siddiqui","id":60346694,"node_id":"MDQ6VXNlcjYwMzQ2Njk0","avatar_url":"https://avatars.githubusercontent.com/u/60346694?v=4","gravatar_id":"","url":"https://api.github.com/users/Abdul-Basith-siddiqui","html_url":"https://github.com/Abdul-Basith-siddiqui","followers_url":"https://api.github.com/users/Abdul-Basith-siddiqui/followers","following_url":"https://api.github.com/users/Abdul-Basith-siddiqui/following{/other_user}","gists_url":"https://api.github.com/users/Abdul-Basith-siddiqui/gists{/gist_id}","starred_url":"https://api.github.com/users/Abdul-Basith-siddiqui/starred{/owner}{/repo}","subscriptions_url":"https://api.github.com/users/Abdul-Basith-siddiqui/subscriptions","organizations_url":"https://api.github.com/users/Abdul-Basith-siddiqui/orgs","repos_url":"https://api.github.com/users/Abdul-Basith-siddiqui/repos","events_url":"https://api.github.com/users/Abdul-Basith-siddiqui/events{/privacy}","received_events_url":"https://api.github.com/users/Abdul-Basith-siddiqui/received_events","type":"User","site_admin":false,"name":"Abdul Basith Siddiqui","company":null,"blog":"","location":"hyderabad","email":null,"hireable":null,"bio":null,"twitter_username":null,"public_repos":82,"public_gists":0,"followers":0,"following":3,"created_at":"2020-01-27T11:44:08Z","updated_at":"2023-03-04T12:48:38Z","private_gists":0,"total_private_repos":7,"owned_private_repos":7,"disk_usage":42890,"collaborators":0,"two_factor_authentication":false,"plan":{"name":"pro","space":976562499,"collaborators":0,"private_repos":9999}}
[info] 
[info] ✔  Success! Logged into GitHub as Abdul-Basith-siddiqui 
[info] 
